[debug] [2021-05-02T22:12:47.885Z] ----------------------------------------------------------------------
[debug] [2021-05-02T22:12:47.889Z] Command:       C:\Program Files\nodejs\node.exe C:\Users\user\AppData\Roaming\npm\node_modules\firebase-tools\lib\bin\firebase.js init
[debug] [2021-05-02T22:12:47.889Z] CLI Version:   9.10.0
[debug] [2021-05-02T22:12:47.889Z] Platform:      win32
[debug] [2021-05-02T22:12:47.889Z] Node Version:  v15.5.1
[debug] [2021-05-02T22:12:47.891Z] Time:          Mon May 03 2021 03:42:47 GMT+0530 (India Standard Time)
[debug] [2021-05-02T22:12:47.891Z] ----------------------------------------------------------------------
[debug] 
[debug] [2021-05-02T22:12:47.895Z] >>> [apiv2][query] GET https://firebase-public.firebaseio.com/cli.json [none]
[debug] [2021-05-02T22:12:47.935Z] > command requires scopes: ["email","openid","https://www.googleapis.com/auth/cloudplatformprojects.readonly","https://www.googleapis.com/auth/firebase","https://www.googleapis.com/auth/cloud-platform"]
[debug] [2021-05-02T22:12:47.935Z] > authorizing via signed-in user (kr.utkarsh106@gmail.com)
[info] 
     ######## #### ########  ######## ########     ###     ######  ########
     ##        ##  ##     ## ##       ##     ##  ##   ##  ##       ##
     ######    ##  ########  ######   ########  #########  ######  ######
     ##        ##  ##    ##  ##       ##     ## ##     ##       ## ##
     ##       #### ##     ## ######## ########  ##     ##  ######  ########

You're about to initialize a Firebase project in this directory:

  C:\Users\user\Desktop\projects_git\instagram\instagram

[debug] [2021-05-02T22:12:48.885Z] <<< [apiv2][status] GET https://firebase-public.firebaseio.com/cli.json 200
[debug] [2021-05-02T22:12:48.885Z] <<< [apiv2][body] GET https://firebase-public.firebaseio.com/cli.json {"cloudBuildErrorAfter":1594252800000,"cloudBuildWarnAfter":1590019200000,"defaultNode10After":1594252800000,"minVersion":"3.0.5","node8DeploysDisabledAfter":1613390400000,"node8RuntimeDisabledAfter":1615809600000,"node8WarnAfter":1600128000000}
